Array
(
    [time] => Fri, 26 Oct 2018 14:31:25 +0000
    [addr] => ******RRANA2-LT.cloudsmartz.net
    [agent] => Mozilla/5.0 (Windows NT 10.0; Win64; x64) AppleWebKit/537.36 (KHTML, like Gecko) Chrome/70.0.3538.77 Safari/537.36
    [post] => Array
        (
            [Filename] => 4f4eaff0bf882dd9167ffaf6f4f70db9.jpg
            [Upload] => Submit Query
        )

    [files] => Array
        (
            [Filedata] => Array
                (
                    [name] => 4f4eaff0bf882dd9167ffaf6f4f70db9.jpg
                    [type] => application/octet-stream
                    [tmp_name] => C:\wamp64\tmp\php1A6.tmp
                    [error] => 0
                    [size] => 61344
                )

        )

)

---
Array
(
    [Filedata] => Array
        (
            [name] => 4f4eaff0bf882dd9167ffaf6f4f70db9.jpg
            [type] => application/octet-stream
            [tmp_name] => C:\wamp64\tmp\php1A6.tmp
            [error] => 0
            [size] => 61344
        )

)

  ---
Array
(
    [time] => Fri, 26 Oct 2018 14:32:32 +0000
    [addr] => ******RRANA2-LT.cloudsmartz.net
    [agent] => Mozilla/5.0 (Windows NT 10.0; Win64; x64) AppleWebKit/537.36 (KHTML, like Gecko) Chrome/70.0.3538.77 Safari/537.36
    [post] => Array
        (
            [Filename] => 68c193d192a00231cb8648e464712124.jpg
            [Upload] => Submit Query
        )

    [files] => Array
        (
            [Filedata] => Array
                (
                    [name] => 68c193d192a00231cb8648e464712124.jpg
                    [type] => application/octet-stream
                    [tmp_name] => C:\wamp64\tmp\php9FE.tmp
                    [error] => 0
                    [size] => 27286
                )

        )

)

---
Array
(
    [Filedata] => Array
        (
            [name] => 68c193d192a00231cb8648e464712124.jpg
            [type] => application/octet-stream
            [tmp_name] => C:\wamp64\tmp\php9FE.tmp
            [error] => 0
            [size] => 27286
        )

)

  ---
Array
(
    [time] => Fri, 26 Oct 2018 14:36:45 +0000
    [addr] => ******RRANA2-LT.cloudsmartz.net
    [agent] => Mozilla/5.0 (Windows NT 10.0; Win64; x64) AppleWebKit/537.36 (KHTML, like Gecko) Chrome/70.0.3538.77 Safari/537.36
    [post] => Array
        (
            [Filename] => 4f4eaff0bf882dd9167ffaf6f4f70db9.jpg
            [Upload] => Submit Query
        )

    [files] => Array
        (
            [Filedata] => Array
                (
                    [name] => 4f4eaff0bf882dd9167ffaf6f4f70db9.jpg
                    [type] => application/octet-stream
                    [tmp_name] => C:\wamp64\tmp\phpE6B5.tmp
                    [error] => 0
                    [size] => 61344
                )

        )

)

---
Array
(
    [Filedata] => Array
        (
            [name] => 4f4eaff0bf882dd9167ffaf6f4f70db9.jpg
            [type] => application/octet-stream
            [tmp_name] => C:\wamp64\tmp\phpE6B5.tmp
            [error] => 0
            [size] => 61344
        )

)

  ---
Array
(
    [time] => Sun, 28 Oct 2018 02:14:11 +0000
    [addr] => ******RRANA2-LT.cloudsmartz.net
    [agent] => Mozilla/5.0 (Windows NT 10.0; Win64; x64) AppleWebKit/537.36 (KHTML, like Gecko) Chrome/70.0.3538.77 Safari/537.36
    [post] => Array
        (
            [Filename] => 4f4eaff0bf882dd9167ffaf6f4f70db9.jpg
            [Upload] => Submit Query
        )

    [files] => Array
        (
            [Filedata] => Array
                (
                    [name] => 4f4eaff0bf882dd9167ffaf6f4f70db9.jpg
                    [type] => application/octet-stream
                    [tmp_name] => C:\wamp64\tmp\phpC6D0.tmp
                    [error] => 0
                    [size] => 61344
                )

        )

)

---
Array
(
    [Filedata] => Array
        (
            [name] => 4f4eaff0bf882dd9167ffaf6f4f70db9.jpg
            [type] => application/octet-stream
            [tmp_name] => C:\wamp64\tmp\phpC6D0.tmp
            [error] => 0
            [size] => 61344
        )

)

  ---
