Array
(
    [time] => Thu, 22 Nov 2018 04:33:51 +0000
    [addr] => ******RRANA2-LT.cloudsmartz.net
    [agent] => Mozilla/5.0 (Windows NT 10.0; Win64; x64) AppleWebKit/537.36 (KHTML, like Gecko) Chrome/70.0.3538.102 Safari/537.36
    [post] => Array
        (
            [Filename] => chidia.jpg
            [Upload] => Submit Query
        )

    [files] => Array
        (
            [Filedata] => Array
                (
                    [name] => chidia.jpg
                    [type] => application/octet-stream
                    [tmp_name] => C:\wamp64\tmp\php1B9A.tmp
                    [error] => 0
                    [size] => 2608
                )

        )

)

---
Array
(
    [Filedata] => Array
        (
            [name] => chidia.jpg
            [type] => application/octet-stream
            [tmp_name] => C:\wamp64\tmp\php1B9A.tmp
            [error] => 0
            [size] => 2608
        )

)

 1 ---
Array
(
    [time] => Thu, 22 Nov 2018 04:47:46 +0000
    [addr] => ******RRANA2-LT.cloudsmartz.net
    [agent] => Mozilla/5.0 (Windows NT 10.0; Win64; x64) AppleWebKit/537.36 (KHTML, like Gecko) Chrome/70.0.3538.102 Safari/537.36
    [post] => Array
        (
            [Filename] => chidia.jpg
            [Upload] => Submit Query
        )

    [files] => Array
        (
            [Filedata] => Array
                (
                    [name] => chidia.jpg
                    [type] => application/octet-stream
                    [tmp_name] => C:\wamp64\tmp\phpD8F5.tmp
                    [error] => 0
                    [size] => 2608
                )

        )

)

---
Array
(
    [Filedata] => Array
        (
            [name] => chidia.jpg
            [type] => application/octet-stream
            [tmp_name] => C:\wamp64\tmp\phpD8F5.tmp
            [error] => 0
            [size] => 2608
        )

)

 1 ---
Array
(
    [time] => Thu, 22 Nov 2018 04:49:18 +0000
    [addr] => ******RRANA2-LT.cloudsmartz.net
    [agent] => Mozilla/5.0 (Windows NT 10.0; Win64; x64) AppleWebKit/537.36 (KHTML, like Gecko) Chrome/70.0.3538.102 Safari/537.36
    [post] => Array
        (
            [Filename] => chidia.jpg
            [Upload] => Submit Query
        )

    [files] => Array
        (
            [Filedata] => Array
                (
                    [name] => chidia.jpg
                    [type] => application/octet-stream
                    [tmp_name] => C:\wamp64\tmp\php4066.tmp
                    [error] => 0
                    [size] => 2608
                )

        )

)

---
Array
(
    [Filedata] => Array
        (
            [name] => chidia.jpg
            [type] => application/octet-stream
            [tmp_name] => C:\wamp64\tmp\php4066.tmp
            [error] => 0
            [size] => 2608
        )

)

 1 ---
